<?xml version="1.0" encoding="UTF-8"?>
<!-- Generated by org.testng.reporters.JUnitReportReporter -->
<testsuite skipped="0" hostname="DESKTOP-HUTLBGH" name="testngparameterization.ParamTests" tests="2" failures="0" timestamp="16 Oct 2019 19:53:02 GMT" time="0.021" errors="0">
  <testcase name="loginTest" time="0.008" classname="testngparameterization.ParamTests"/>
  <testcase name="firstParamTest" time="0.013" classname="testngparameterization.ParamTests"/>
</testsuite> <!-- testngparameterization.ParamTests -->
