<?xml version="1.0" encoding="UTF-8"?>
<!-- Generated by org.testng.reporters.JUnitReportReporter -->
<testsuite hostname="ADVHYD-LAPTOP04" name="dataproviderpackage.DataProviderExample" tests="4" failures="0" timestamp="19 Aug 2016 16:13:04 GMT" time="0.063" errors="0">
  <testcase name="firstParamTest" time="0.016" classname="dataproviderpackage.DataProviderExample"/>
  <testcase name="firstParamTest" time="0.016" classname="dataproviderpackage.DataProviderExample"/>
  <testcase name="firstParamTest" time="0.015" classname="dataproviderpackage.DataProviderExample"/>
  <testcase name="firstParamTest" time="0.016" classname="dataproviderpackage.DataProviderExample"/>
</testsuite> <!-- dataproviderpackage.DataProviderExample -->
