<?xml version="1.0" encoding="UTF-8"?>
<!-- Generated by org.testng.reporters.JUnitReportReporter -->
<testsuite skipped="0" hostname="DESKTOP-HUTLBGH" name="testngpackage3.GmailSendEmailTests" tests="2" failures="0" timestamp="16 Oct 2019 21:57:36 GMT" time="0.006" errors="0">
  <testcase name="sendEmail" time="0.004" classname="testngpackage3.GmailSendEmailTests"/>
  <testcase name="sendAllEmail" time="0.002" classname="testngpackage3.GmailSendEmailTests"/>
</testsuite> <!-- testngpackage3.GmailSendEmailTests -->
