<?xml version="1.0" encoding="UTF-8"?>
<!-- Generated by org.testng.reporters.JUnitReportReporter -->
<testsuite skipped="0" hostname="DESKTOP-HUTLBGH" name="testngpackage2.GmailChatTests" tests="3" failures="0" timestamp="16 Oct 2019 20:36:36 GMT" time="0.012" errors="0">
  <testcase name="sendChatInvitation" time="0.006" classname="testngpackage2.GmailChatTests"/>
  <testcase name="doGroupChat" time="0.004" classname="testngpackage2.GmailChatTests"/>
  <testcase name="doChat" time="0.002" classname="testngpackage2.GmailChatTests"/>
</testsuite> <!-- testngpackage2.GmailChatTests -->
