<?xml version="1.0" encoding="UTF-8"?>
<!-- Generated by org.testng.reporters.JUnitReportReporter -->
<testsuite hostname="ADVHYD-LAPTOP04" name="testngpackage3.GmailReplyEmailTests" tests="2" failures="0" timestamp="19 Aug 2016 16:40:49 GMT" time="0.036" errors="0">
  <testcase name="replyAllEmail" time="0.031" classname="testngpackage3.GmailReplyEmailTests"/>
  <testcase name="replyEmail" time="0.005" classname="testngpackage3.GmailReplyEmailTests"/>
</testsuite> <!-- testngpackage3.GmailReplyEmailTests -->
