<?xml version="1.0" encoding="UTF-8"?>
<!-- Generated by org.testng.reporters.JUnitReportReporter -->
<testsuite skipped="0" hostname="DESKTOP-HUTLBGH" name="testngpackage2.GmailLoginTests" tests="4" failures="0" timestamp="16 Oct 2019 20:36:36 GMT" time="0.015" errors="0">
  <testcase name="doSignup" time="0.002" classname="testngpackage2.GmailLoginTests"/>
  <testcase name="doLogin" time="0.002" classname="testngpackage2.GmailLoginTests"/>
  <testcase name="doForgotPassword" time="0.008" classname="testngpackage2.GmailLoginTests"/>
  <testcase name="doResetPassword" time="0.003" classname="testngpackage2.GmailLoginTests"/>
</testsuite> <!-- testngpackage2.GmailLoginTests -->
