<?xml version="1.0" encoding="UTF-8"?>
<!-- Generated by org.testng.reporters.JUnitReportReporter -->
<testsuite skipped="0" hostname="DESKTOP-HUTLBGH" name="testngpackage2.GmailSendEmailTests" tests="2" failures="0" timestamp="16 Oct 2019 20:36:36 GMT" time="0.003" errors="0">
  <testcase name="sendAllEmail" time="0.002" classname="testngpackage2.GmailSendEmailTests"/>
  <testcase name="sendEmail" time="0.001" classname="testngpackage2.GmailSendEmailTests"/>
</testsuite> <!-- testngpackage2.GmailSendEmailTests -->
