<?xml version="1.0" encoding="UTF-8"?>
<!-- Generated by org.testng.reporters.JUnitReportReporter -->
<testsuite skipped="0" hostname="DESKTOP-HUTLBGH" name="testngpackage3.GmailChatTests" tests="3" failures="0" timestamp="16 Oct 2019 21:57:36 GMT" time="0.020" errors="0">
  <testcase name="doChat" time="0.014" classname="testngpackage3.GmailChatTests"/>
  <testcase name="doGroupChat" time="0.003" classname="testngpackage3.GmailChatTests"/>
  <testcase name="sendChatInvitation" time="0.003" classname="testngpackage3.GmailChatTests"/>
</testsuite> <!-- testngpackage3.GmailChatTests -->
