<?xml version="1.0" encoding="UTF-8"?>
<!-- Generated by org.testng.reporters.JUnitReportReporter -->
<testsuite hostname="ADVHYD-LAPTOP04" name="testngexample1" tests="2" failures="0" timestamp="16 Aug 2016 16:24:32 GMT" time="0.028" errors="0">
  <testcase name="testMethod1" time="0.022" classname="testngexample1"/>
  <testcase name="testMethod2" time="0.006" classname="testngexample1"/>
</testsuite> <!-- testngexample1 -->
