<?xml version="1.0" encoding="UTF-8"?>
<!-- Generated by org.testng.reporters.JUnitReportReporter -->
<testsuite skipped="0" hostname="DESKTOP-HUTLBGH" name="testngpackage2.GmailReplyEmailTests" tests="2" failures="0" timestamp="16 Oct 2019 20:36:36 GMT" time="0.005" errors="0">
  <testcase name="replyAllEmail" time="0.003" classname="testngpackage2.GmailReplyEmailTests"/>
  <testcase name="replyEmail" time="0.002" classname="testngpackage2.GmailReplyEmailTests"/>
</testsuite> <!-- testngpackage2.GmailReplyEmailTests -->
