<?xml version="1.0" encoding="UTF-8"?>
<!-- Generated by org.testng.reporters.JUnitReportReporter -->
<testsuite hostname="hp-PC" name="com.advertise.tests.TestAdSnoozeAlarm" tests="1" failures="0" timestamp="5 Jan 2016 08:18:23 GMT" time="89.378" errors="0">
  <testcase name="testAdSnoozeAlarmForDesktopIYD" time="89.378" classname="com.advertise.tests.TestAdSnoozeAlarm"/>
</testsuite> <!-- com.advertise.tests.TestAdSnoozeAlarm -->
