<?xml version="1.0" encoding="UTF-8"?>
<!-- Generated by org.testng.reporters.JUnitReportReporter -->
<testsuite hostname="hp-PC" name="com.advertise.tests.TestAdCount" tests="1" failures="0" timestamp="12 Jan 2016 05:53:30 GMT" time="84.813" errors="1">
  <testcase name="testAdCountForDesktopIY" time="84.813" classname="com.advertise.tests.TestAdCount">
    <error type="java.lang.AssertionError" message="Incorrect adcount cookie Domain expected [true] but found [false]">
      <![CDATA[java.lang.AssertionError: Incorrect adcount cookie Domain expected [true] but found [false]
	at org.testng.Assert.fail(Assert.java:94)
	at org.testng.Assert.failNotEquals(Assert.java:494)
	at org.testng.Assert.assertEquals(Assert.java:123)
	at org.testng.Assert.assertEquals(Assert.java:286)
	at com.advertise.utils.TestCaseUtils.verifyResult(TestCaseUtils.java:35)
	at com.advertise.tests.TestAdCount.testAdcount(TestAdCount.java:255)
	at com.advertise.tests.TestAdCount.testAdCountForDesktopIY(TestAdCount.java:117)
	at sun.reflect.NativeMethodAccessorImpl.invoke0(Native Method)
	at sun.reflect.NativeMethodAccessorImpl.invoke(NativeMethodAccessorImpl.java:57)
	at sun.reflect.DelegatingMethodAccessorImpl.invoke(DelegatingMethodAccessorImpl.java:43)
	at java.lang.reflect.Method.invoke(Method.java:606)
	at org.testng.internal.MethodInvocationHelper.invokeMethod(MethodInvocationHelper.java:84)
	at org.testng.internal.InvokeMethodRunnable.runOne(InvokeMethodRunnable.java:46)
	at org.testng.internal.InvokeMethodRunnable.run(InvokeMethodRunnable.java:37)
	at java.util.concurrent.Executors$RunnableAdapter.call(Executors.java:471)
	at java.util.concurrent.FutureTask.run(FutureTask.java:262)
	at java.util.concurrent.ThreadPoolExecutor.runWorker(ThreadPoolExecutor.java:1145)
	at java.util.concurrent.ThreadPoolExecutor$Worker.run(ThreadPoolExecutor.java:615)
	at java.lang.Thread.run(Thread.java:745)
]]>
    </error>
  </testcase> <!-- testAdCountForDesktopIY -->
</testsuite> <!-- com.advertise.tests.TestAdCount -->
