<?xml version="1.0" encoding="UTF-8"?>
<!-- Generated by org.testng.reporters.JUnitReportReporter -->
<testsuite hostname="hp-PC" name="com.advertise.tests.TestCombinedPopNew" tests="2" failures="0" timestamp="25 Jan 2016 09:47:43 GMT" time="60.182" errors="0">
  <testcase name="testCombinedPopForDesktop" time="30.739" classname="com.advertise.tests.TestCombinedPopNew"/>
  <testcase name="testCombinedPopForDesktop" time="29.443" classname="com.advertise.tests.TestCombinedPopNew"/>
</testsuite> <!-- com.advertise.tests.TestCombinedPopNew -->
