<?xml version="1.0" encoding="UTF-8"?>
<!-- Generated by org.testng.reporters.JUnitReportReporter -->
<testsuite hostname="hp-PC" name="com.advertise.tests.Test1" tests="1" failures="0" timestamp="12 Jan 2016 08:58:04 GMT" time="0.007" errors="0">
  <testcase name="testme1" time="0.007" classname="com.advertise.tests.Test1"/>
</testsuite> <!-- com.advertise.tests.Test1 -->
