<?xml version="1.0" encoding="UTF-8"?>
<!-- Generated by org.testng.reporters.JUnitReportReporter -->
<testsuite hostname="hp-PC" name="com.advertise.tests.TestMatureDataContent" tests="4" failures="0" timestamp="5 Jan 2016 08:29:12 GMT" time="97.189" errors="0">
  <testcase name="testMatureContentHandlingForDesktopIYD" time="27.076" classname="com.advertise.tests.TestMatureDataContent"/>
  <testcase name="testMatureContentHandlingForDesktopIYD" time="22.520" classname="com.advertise.tests.TestMatureDataContent"/>
  <testcase name="testMatureContentHandlingForDesktopIYD" time="23.651" classname="com.advertise.tests.TestMatureDataContent"/>
  <testcase name="testMatureContentHandlingForDesktopIYD" time="23.942" classname="com.advertise.tests.TestMatureDataContent"/>
</testsuite> <!-- com.advertise.tests.TestMatureDataContent -->
