<?xml version="1.0" encoding="UTF-8"?>
<!-- Generated by org.testng.reporters.JUnitReportReporter -->
<testsuite hostname="dell" name="actionspackage.MouseActions" tests="1" failures="0" timestamp="20 Sep 2016 16:58:11 GMT" time="42.369" errors="0">
  <testcase name="contextClickExample2" time="42.369" classname="actionspackage.MouseActions"/>
</testsuite> <!-- actionspackage.MouseActions -->
