<?xml version="1.0" encoding="UTF-8"?>
<!-- Generated by org.testng.reporters.JUnitReportReporter -->
<testsuite hostname="dell" name="javascriptexecutor.JavascriptExample" tests="1" failures="0" timestamp="21 Sep 2016 16:19:16 GMT" time="7.048" errors="0">
  <testcase name="javascriptTest" time="7.048" classname="javascriptexecutor.JavascriptExample"/>
</testsuite> <!-- javascriptexecutor.JavascriptExample -->
