<?xml version="1.0" encoding="UTF-8"?>
<!-- Generated by org.testng.reporters.JUnitReportReporter -->
<testsuite hostname="dell" name="screenshot.ScreenshotExample" tests="1" failures="0" timestamp="21 Sep 2016 16:02:15 GMT" time="16.977" errors="0">
  <testcase name="screenshotTest" time="16.977" classname="screenshot.ScreenshotExample"/>
</testsuite> <!-- screenshot.ScreenshotExample -->
