<?xml version="1.0" encoding="UTF-8"?>
<!-- Generated by org.testng.reporters.JUnitReportReporter -->
<testsuite hostname="ADVHYD-LAPTOP04" name="locators.LocatorExamples" tests="1" failures="0" timestamp="26 Aug 2016 17:13:35 GMT" time="15.460" errors="0">
  <testcase name="locateMultipleElements2" time="15.460" classname="locators.LocatorExamples"/>
</testsuite> <!-- locators.LocatorExamples -->
