<?xml version="1.0" encoding="UTF-8"?>
<!-- Generated by org.testng.reporters.JUnitReportReporter -->
<testsuite hostname="dell" name="navigation.NavigationExample" tests="1" failures="0" timestamp="21 Sep 2016 15:42:42 GMT" time="83.806" errors="0">
  <testcase name="navigationTest" time="83.806" classname="navigation.NavigationExample"/>
</testsuite> <!-- navigation.NavigationExample -->
