<?xml version="1.0" encoding="UTF-8"?>
<!-- Generated by org.testng.reporters.JUnitReportReporter -->
<testsuite hostname="dell" name="actionspackage.KeyboardActions" tests="1" failures="0" timestamp="21 Sep 2016 15:33:47 GMT" time="12.754" errors="0">
  <testcase name="dragAndDropExample2" time="12.754" classname="actionspackage.KeyboardActions"/>
</testsuite> <!-- actionspackage.KeyboardActions -->
