<?xml version="1.0" encoding="UTF-8"?>
<!-- Generated by org.testng.reporters.JUnitReportReporter -->
<testsuite hostname="ADVHYD-LAPTOP04" name="elementinteractions.ElementIntrExample" tests="1" failures="0" timestamp="29 Aug 2016 16:11:57 GMT" time="20.397" errors="0">
  <testcase name="elementStateTest2" time="20.397" classname="elementinteractions.ElementIntrExample"/>
</testsuite> <!-- elementinteractions.ElementIntrExample -->
