<?xml version="1.0" encoding="UTF-8"?>
<!-- Generated by org.testng.reporters.JUnitReportReporter -->
<testsuite hostname="dell" name="waits.ExplicitWaitExample2" tests="1" failures="0" timestamp="23 Sep 2016 16:29:46 GMT" time="19.517" errors="0">
  <testcase name="autoSuggestionTest" time="19.517" classname="waits.ExplicitWaitExample2"/>
</testsuite> <!-- waits.ExplicitWaitExample2 -->
